{
  "RSpec": {
    "coverage": {
      "/Users/yannis/railsapps/mypix/config/environment.rb": [
        null,
        1,
        null,
        null,
        1
      ],
      "/Users/yannis/railsapps/mypix/config/application.rb": [
        1,
        null,
        1,
        null,
        1,
        1,
        1,
        1,
        1,
        1,
        1,
        null,
        null,
        null,
        null,
        1,
        null,
        1,
        1,
        null,
        null,
        null,
        null,
        null,
        null,
        null,
        null,
        null,
        null,
        null,
        null,
        null,
        1,
        null,
        1,
        null,
        null
      ],
      "/Users/yannis/railsapps/mypix/config/boot.rb": [
        1,
        null,
        1
      ],
      "/Users/yannis/railsapps/mypix/config/environments/test.rb": [
        1,
        null,
        null,
        null,
        null,
        null,
        null,
        1,
        null,
        null,
        null,
        null,
        1,
        null,
        null,
        1,
        1,
        null,
        null,
        1,
        1,
        null,
        null,
        1,
        null,
        null,
        1,
        null,
        null,
        null,
        null,
        1,
        null,
        null,
        1,
        null,
        null,
        1,
        null,
        null,
        null,
        null
      ],
      "/Users/yannis/railsapps/mypix/config/initializers/asset_sync.rb": [
        1,
        0,
        0,
        0,
        0,
        0,
        null,
        null,
        0,
        null,
        null,
        null,
        0,
        null,
        null,
        0,
        null,
        null,
        null,
        0,
        null,
        null,
        0,
        null,
        null
      ],
      "/Users/yannis/railsapps/mypix/config/initializers/assets.rb": [
        null,
        null,
        null,
        1,
        null,
        null,
        null,
        null,
        null,
        null,
        null,
        1
      ],
      "/Users/yannis/railsapps/mypix/config/initializers/backtrace_silencers.rb": [
        null,
        null,
        null,
        null,
        null,
        null,
        null
      ],
      "/Users/yannis/railsapps/mypix/config/initializers/carrierwave.rb": [
        null,
        1,
        1,
        1,
        1,
        1,
        1,
        null,
        null,
        0,
        0,
        null,
        null,
        null,
        null,
        null,
        null,
        null,
        0,
        null,
        null,
        null,
        null
      ],
      "/Users/yannis/railsapps/mypix/config/initializers/cookies_serializer.rb": [
        null,
        null,
        1
      ],
      "/Users/yannis/railsapps/mypix/config/initializers/devise.rb": [
        null,
        null,
        1,
        null,
        null,
        null,
        null,
        null,
        1,
        null,
        null,
        null,
        null,
        null,
        1,
        null,
        null,
        null,
        null,
        null,
        null,
        null,
        null,
        1,
        null,
        null,
        null,
        null,
        null,
        null,
        null,
        null,
        null,
        null,
        null,
        null,
        null,
        null,
        null,
        null,
        null,
        null,
        null,
        null,
        null,
        1,
        null,
        null,
        null,
        null,
        1,
        null,
        null,
        null,
        null,
        null,
        null,
        null,
        null,
        null,
        null,
        null,
        null,
        null,
        null,
        null,
        null,
        null,
        null,
        null,
        null,
        null,
        null,
        null,
        null,
        null,
        null,
        null,
        null,
        null,
        null,
        1,
        null,
        null,
        null,
        null,
        null,
        null,
        null,
        null,
        null,
        null,
        null,
        null,
        null,
        null,
        null,
        null,
        1,
        null,
        null,
        null,
        null,
        null,
        null,
        null,
        null,
        null,
        null,
        null,
        null,
        null,
        null,
        null,
        null,
        null,
        null,
        null,
        null,
        null,
        null,
        null,
        null,
        1,
        null,
        null,
        null,
        null,
        null,
        null,
        null,
        null,
        null,
        1,
        null,
        null,
        null,
        null,
        null,
        null,
        null,
        null,
        null,
        null,
        1,
        null,
        null,
        null,
        null,
        null,
        null,
        null,
        null,
        null,
        null,
        null,
        null,
        null,
        null,
        null,
        null,
        null,
        null,
        null,
        null,
        null,
        null,
        null,
        null,
        null,
        null,
        null,
        null,
        null,
        null,
        null,
        null,
        null,
        null,
        null,
        null,
        null,
        null,
        null,
        null,
        null,
        null,
        null,
        null,
        null,
        null,
        null,
        null,
        1,
        null,
        null,
        null,
        null,
        null,
        null,
        null,
        null,
        null,
        null,
        null,
        null,
        null,
        null,
        null,
        null,
        null,
        null,
        null,
        null,
        null,
        null,
        null,
        null,
        null,
        null,
        null,
        null,
        null,
        null,
        null,
        null,
        null,
        null,
        null,
        null,
        null,
        null,
        null,
        null,
        null,
        1,
        null,
        null,
        null,
        null,
        null,
        null,
        null,
        null,
        null,
        null,
        null,
        null,
        null,
        null,
        null,
        null,
        null,
        null,
        null,
        null,
        null,
        null,
        null,
        null,
        null,
        null,
        null,
        null,
        null
      ],
      "/Users/yannis/railsapps/mypix/config/initializers/filter_parameter_logging.rb": [
        null,
        null,
        null,
        1
      ],
      "/Users/yannis/railsapps/mypix/config/initializers/inflections.rb": [
        null,
        null,
        null,
        null,
        null,
        null,
        null,
        null,
        null,
        null,
        null,
        null,
        null,
        null,
        null,
        null
      ],
      "/Users/yannis/railsapps/mypix/config/initializers/mime_types.rb": [
        null,
        null,
        null,
        null
      ],
      "/Users/yannis/railsapps/mypix/config/initializers/session_store.rb": [
        null,
        null,
        1
      ],
      "/Users/yannis/railsapps/mypix/config/initializers/wrap_parameters.rb": [
        null,
        null,
        null,
        null,
        null,
        null,
        1,
        1,
        null,
        null,
        null,
        null,
        null,
        null
      ],
      "/Users/yannis/railsapps/mypix/test/factories/pics.rb": [
        1,
        1,
        575,
        575,
        1,
        null,
        null,
        null
      ],
      "/Users/yannis/railsapps/mypix/test/factories/users.rb": [
        1,
        1,
        444,
        503,
        503,
        null,
        null
      ],
      "/Users/yannis/railsapps/mypix/config/routes.rb": [
        1,
        1,
        1,
        1,
        1,
        null,
        1,
        1,
        null
      ],
      "/Users/yannis/railsapps/mypix/app/models/user.rb": [
        1,
        1,
        null,
        null,
        1,
        null,
        1,
        null
      ],
      "/Users/yannis/railsapps/mypix/app/helpers/application_helper.rb": [
        1,
        1,
        3,
        null,
        null,
        1,
        1,
        null,
        null,
        1,
        1,
        null,
        null,
        1,
        1,
        1,
        1,
        1,
        null,
        null
      ],
      "/Users/yannis/railsapps/mypix/app/controllers/home_controller.rb": [
        1,
        1,
        3,
        1,
        null,
        2,
        2,
        null,
        null
      ],
      "/Users/yannis/railsapps/mypix/app/controllers/application_controller.rb": [
        1,
        1,
        1,
        1,
        null,
        1,
        20,
        6,
        null,
        14,
        null,
        null,
        null,
        1,
        0,
        null,
        null,
        1,
        18,
        15,
        null,
        null,
        null,
        1,
        15,
        null,
        null,
        1,
        0,
        null,
        null,
        1,
        7,
        7,
        null,
        null,
        1,
        1,
        0,
        null,
        null
      ],
      "/Users/yannis/railsapps/mypix/spec/controllers/pics_controller_spec.rb": [
        1,
        null,
        1,
        null,
        45,
        1,
        135,
        null,
        1,
        450,
        null,
        null,
        1,
        null,
        1,
        3,
        1,
        null,
        null,
        1,
        3,
        1,
        null,
        null,
        1,
        3,
        1,
        null,
        null,
        1,
        3,
        1,
        null,
        null,
        1,
        3,
        1,
        null,
        null,
        1,
        3,
        1,
        null,
        null,
        null,
        1,
        33,
        null,
        1,
        4,
        2,
        2,
        2,
        null,
        null,
        1,
        4,
        2,
        2,
        2,
        null,
        null,
        1,
        3,
        1,
        null,
        null,
        1,
        4,
        2,
        2,
        2,
        null,
        null,
        null,
        1,
        4,
        2,
        2,
        2,
        null,
        null,
        1,
        3,
        1,
        null,
        null,
        1,
        4,
        2,
        2,
        2,
        null,
        null,
        1,
        4,
        2,
        2,
        2,
        null,
        null,
        1,
        5,
        2,
        2,
        2,
        2,
        null,
        null,
        1,
        1,
        4,
        4,
        null,
        2,
        2,
        2,
        2,
        null,
        null,
        1,
        1,
        2,
        2,
        null,
        1,
        null,
        null,
        null
      ],
      "/Users/yannis/railsapps/mypix/app/controllers/pics_controller.rb": [
        1,
        null,
        1,
        1,
        null,
        1,
        6,
        3,
        null,
        null,
        null,
        1,
        3,
        null,
        null,
        1,
        3,
        null,
        null,
        1,
        6,
        3,
        3,
        null,
        3,
        3,
        null,
        null,
        null,
        1,
        4,
        4,
        4,
        null,
        0,
        0,
        null,
        null,
        null,
        1,
        4,
        4,
        4,
        null,
        0,
        0,
        null,
        null,
        null,
        1,
        1,
        22,
        null,
        null
      ],
      "/Users/yannis/railsapps/mypix/spec/controllers/users_controller_spec.rb": [
        1,
        null,
        1,
        null,
        1,
        18,
        null,
        null,
        1,
        null,
        1,
        3,
        1,
        null,
        null,
        null,
        1,
        4,
        null,
        1,
        4,
        2,
        2,
        2,
        null,
        null,
        null
      ],
      "/Users/yannis/railsapps/mypix/app/controllers/users_controller.rb": [
        1,
        null,
        1,
        null,
        1,
        3,
        3,
        null,
        null
      ],
      "/Users/yannis/railsapps/mypix/spec/helpers/application_helper_spec.rb": [
        1,
        null,
        1,
        2,
        3,
        null,
        2,
        2,
        2,
        2,
        null
      ],
      "/Users/yannis/railsapps/mypix/spec/models/pic_spec.rb": [
        1,
        null,
        1,
        2,
        2,
        2,
        null,
        1,
        2,
        null,
        2,
        null,
        null
      ],
      "/Users/yannis/railsapps/mypix/app/models/pic.rb": [
        1,
        1,
        1,
        null,
        1,
        null,
        1,
        null,
        1,
        1,
        1,
        null,
        null,
        null,
        null,
        null,
        1,
        1,
        585,
        574,
        null,
        null,
        null,
        1,
        581,
        581,
        581,
        581,
        581,
        581,
        581,
        581,
        581,
        581,
        null,
        581,
        null,
        null
      ],
      "/Users/yannis/railsapps/mypix/lib/file_size_validator.rb": [
        null,
        null,
        null,
        1,
        1,
        1,
        null,
        1,
        1,
        null,
        1,
        1,
        0,
        0,
        0,
        null,
        null,
        1,
        null,
        null,
        1,
        1,
        null,
        1,
        0,
        null,
        null,
        1,
        1,
        null,
        1,
        0,
        null,
        null,
        null,
        null,
        1,
        585,
        null,
        585,
        null,
        585,
        1755,
        null,
        585,
        null,
        585,
        585,
        null,
        0,
        0,
        null,
        0,
        0,
        null,
        0,
        null,
        null,
        null,
        1,
        0,
        null,
        null,
        1,
        1,
        1,
        null,
        null
      ],
      "/Users/yannis/railsapps/mypix/app/uploaders/image_uploader.rb": [
        null,
        null,
        1,
        null,
        null,
        1,
        null,
        null,
        null,
        null,
        1,
        1,
        null,
        0,
        null,
        null,
        null,
        null,
        1,
        5850,
        5850,
        null,
        0,
        null,
        null,
        null,
        null,
        null,
        null,
        null,
        null,
        null,
        null,
        null,
        null,
        null,
        null,
        null,
        null,
        null,
        null,
        null,
        null,
        null,
        null,
        null,
        1,
        1,
        null,
        1,
        1,
        null,
        1,
        1,
        null,
        1,
        1,
        null,
        1,
        1,
        null,
        1,
        1,
        null,
        1,
        1,
        null,
        1,
        1,
        null,
        1,
        1,
        null,
        null,
        null,
        null,
        null,
        null,
        null,
        null,
        null,
        null,
        null,
        null,
        null,
        null,
        null
      ],
      "/Users/yannis/railsapps/mypix/spec/models/user_spec.rb": [
        1,
        null,
        1,
        2,
        2,
        2,
        2,
        null
      ],
      "/Users/yannis/railsapps/mypix/spec/uploaders/image_uploader_spec.rb": [
        1,
        1,
        null,
        1,
        1,
        null,
        1,
        4,
        4,
        4,
        null,
        null,
        1,
        4,
        4,
        null,
        null,
        2,
        null,
        2,
        null,
        2,
        null,
        2,
        null
      ],
      "/Users/yannis/railsapps/mypix/app/models/ability.rb": [
        1,
        1,
        null,
        1,
        49,
        49,
        49,
        35,
        35,
        null,
        null,
        null
      ]
    },
    "timestamp": 1434892718
  }
}
